The system is: Linux - 3.10.0-693.el7.x86_64 - x86_64
Compiling the C compiler identification source file "CMakeCCompilerId.c" succeeded.
Compiler: /home/darve/adncat/.julia/adcme/bin/x86_64-conda_cos6-linux-gnu-gcc 
Build flags: 
Id flags:  

The output was:
0


Compilation of the C compiler identification source "CMakeCCompilerId.c" produced "a.out"

The C compiler identification is GNU, found in "/home/darve/adncat/yizhou/PSAAP3/build/CMakeFiles/3.18.0/CompilerIdC/a.out"

Compiling the CXX compiler identification source file "CMakeCXXCompilerId.cpp" succeeded.
Compiler: /home/darve/adncat/.julia/adcme/bin/x86_64-conda_cos6-linux-gnu-g++ 
Build flags: 
Id flags:  

The output was:
0


Compilation of the CXX compiler identification source "CMakeCXXCompilerId.cpp" produced "a.out"

The CXX compiler identification is GNU, found in "/home/darve/adncat/yizhou/PSAAP3/build/CMakeFiles/3.18.0/CompilerIdCXX/a.out"

Detecting C compiler ABI info compiled with the following output:
Change Dir: /home/darve/adncat/yizhou/PSAAP3/build/CMakeFiles/CMakeTmp

Run Build Command(s):/home/darve/adncat/.julia/adcme/bin/ninja cmTC_f70b3 && [1/2] Building C object CMakeFiles/cmTC_f70b3.dir/CMakeCCompilerABI.c.o
Reading specs from /home/darve/adncat/.julia/adcme/bin/../lib/gcc/x86_64-conda_cos6-linux-gnu/5.4.0/specs
COLLECT_GCC=/home/darve/adncat/.julia/adcme/bin/x86_64-conda_cos6-linux-gnu-gcc
Target: x86_64-conda_cos6-linux-gnu
Configured with: /home/jhelmus/mc3/conda-bld/compilers_linux-64_1520967904393/work/.build/src/gcc-5.4.0/configure --build=x86_64-build_pc-linux-gnu --host=x86_64-build_pc-linux-gnu --target=x86_64-conda_cos6-linux-gnu --prefix=/home/jhelmus/mc3/conda-bld/compilers_linux-64_1520967904393/work/gcc_built --with-sysroot=/home/jhelmus/mc3/conda-bld/compilers_linux-64_1520967904393/work/gcc_built/x86_64-conda_cos6-linux-gnu/sysroot --enable-languages=c,c++,fortran,objc,obj-c++ --with-pkgversion='crosstool-NG fa8859cb' --enable-__cxa_atexit --disable-libmudflap --enable-libgomp --disable-libssp --enable-libquadmath --enable-libquadmath-support --enable-libsanitizer --enable-libmpx --with-gmp=/home/jhelmus/mc3/conda-bld/compilers_linux-64_1520967904393/work/.build/x86_64-conda_cos6-linux-gnu/buildtools --with-mpfr=/home/jhelmus/mc3/conda-bld/compilers_linux-64_1520967904393/work/.build/x86_64-conda_cos6-linux-gnu/buildtools --with-mpc=/home/jhelmus/mc3/conda-bld/compilers_linux-64_1520967904393/work/.build/x86_64-conda_cos6-linux-gnu/buildtools --with-isl=/home/jhelmus/mc3/conda-bld/compilers_linux-64_1520967904393/work/.build/x86_64-conda_cos6-linux-gnu/buildtools --enable-lto --enable-threads=posix --enable-target-optspace --enable-plugin --enable-gold --disable-nls --disable-multilib --with-local-prefix=/home/jhelmus/mc3/conda-bld/compilers_linux-64_1520967904393/work/gcc_built/x86_64-conda_cos6-linux-gnu/sysroot --enable-long-long --enable-default-pie
Thread model: posix
gcc version 5.4.0 (crosstool-NG fa8859cb) 
COLLECT_GCC_OPTIONS='-v' '-o' 'CMakeFiles/cmTC_f70b3.dir/CMakeCCompilerABI.c.o' '-c' '-mtune=generic' '-march=x86-64'
 /home/darve/adncat/.julia/adcme/bin/../libexec/gcc/x86_64-conda_cos6-linux-gnu/5.4.0/cc1 -quiet -v -iprefix /home/darve/adncat/.julia/adcme/bin/../lib/gcc/x86_64-conda_cos6-linux-gnu/5.4.0/ -isysroot /home/darve/adncat/.julia/adcme/bin/../x86_64-conda_cos6-linux-gnu/sysroot /home/darve/adncat/.julia/adcme/share/cmake-3.18/Modules/CMakeCCompilerABI.c -quiet -dumpbase CMakeCCompilerABI.c -mtune=generic -march=x86-64 -auxbase-strip CMakeFiles/cmTC_f70b3.dir/CMakeCCompilerABI.c.o -version -o /tmp/cc880kom.s
GNU C11 (crosstool-NG fa8859cb) version 5.4.0 (x86_64-conda_cos6-linux-gnu)
	compiled by GNU C version 4.4.7 20120313 (Red Hat 4.4.7-18), GMP version 6.1.2, MPFR version 3.1.5, MPC version 1.0.3
GGC heuristics: --param ggc-min-expand=100 --param ggc-min-heapsize=131072
ignoring duplicate directory "/home/darve/adncat/.julia/adcme/bin/../lib/gcc/../../lib/gcc/x86_64-conda_cos6-linux-gnu/5.4.0/include"
ignoring nonexistent directory "/home/darve/adncat/.julia/adcme/bin/../x86_64-conda_cos6-linux-gnu/sysroot/home/jhelmus/mc3/conda-bld/compilers_linux-64_1520967904393/work/gcc_built/x86_64-conda_cos6-linux-gnu/sysroot/include"
ignoring duplicate directory "/home/darve/adncat/.julia/adcme/bin/../lib/gcc/../../lib/gcc/x86_64-conda_cos6-linux-gnu/5.4.0/include-fixed"
ignoring duplicate directory "/home/darve/adncat/.julia/adcme/bin/../lib/gcc/../../lib/gcc/x86_64-conda_cos6-linux-gnu/5.4.0/../../../../x86_64-conda_cos6-linux-gnu/include"
#include "..." search starts here:
#include <...> search starts here:
 /opt/ohpc/pub/compiler/intel-18/compilers_and_libraries_2018.2.199/linux/ipp/include
 /opt/ohpc/pub/compiler/intel-18/compilers_and_libraries_2018.2.199/linux/mkl/include
 /opt/ohpc/pub/compiler/intel-18/compilers_and_libraries_2018.2.199/linux/pstl/include
 /opt/ohpc/pub/compiler/intel-18/compilers_and_libraries_2018.2.199/linux/tbb/include
 /opt/ohpc/pub/compiler/intel-18/compilers_and_libraries_2018.2.199/linux/daal/include
 /home/darve/adncat/.julia/adcme/bin/../lib/gcc/x86_64-conda_cos6-linux-gnu/5.4.0/include
 /home/darve/adncat/.julia/adcme/bin/../lib/gcc/x86_64-conda_cos6-linux-gnu/5.4.0/include-fixed
 /home/darve/adncat/.julia/adcme/bin/../lib/gcc/x86_64-conda_cos6-linux-gnu/5.4.0/../../../../x86_64-conda_cos6-linux-gnu/include
 /home/darve/adncat/.julia/adcme/bin/../x86_64-conda_cos6-linux-gnu/sysroot/usr/include
End of search list.
GNU C11 (crosstool-NG fa8859cb) version 5.4.0 (x86_64-conda_cos6-linux-gnu)
	compiled by GNU C version 4.4.7 20120313 (Red Hat 4.4.7-18), GMP version 6.1.2, MPFR version 3.1.5, MPC version 1.0.3
GGC heuristics: --param ggc-min-expand=100 --param ggc-min-heapsize=131072
Compiler executable checksum: b5a19f1193ce86ea4bf75521624507f0
COLLECT_GCC_OPTIONS='-v' '-o' 'CMakeFiles/cmTC_f70b3.dir/CMakeCCompilerABI.c.o' '-c' '-mtune=generic' '-march=x86-64'
 /home/darve/adncat/.julia/adcme/bin/../lib/gcc/x86_64-conda_cos6-linux-gnu/5.4.0/../../../../x86_64-conda_cos6-linux-gnu/bin/as -v --64 -o CMakeFiles/cmTC_f70b3.dir/CMakeCCompilerABI.c.o /tmp/cc880kom.s
GNU assembler version 2.28.1 (x86_64-conda_cos6-linux-gnu) using BFD version (crosstool-NG fa8859cb) 2.28.1
COMPILER_PATH=/home/darve/adncat/.julia/adcme/bin/../libexec/gcc/x86_64-conda_cos6-linux-gnu/5.4.0/:/home/darve/adncat/.julia/adcme/bin/../libexec/gcc/:/home/darve/adncat/.julia/adcme/bin/../lib/gcc/x86_64-conda_cos6-linux-gnu/5.4.0/../../../../x86_64-conda_cos6-linux-gnu/bin/
LIBRARY_PATH=/home/darve/adncat/.julia/adcme/bin/../lib/gcc/x86_64-conda_cos6-linux-gnu/5.4.0/:/home/darve/adncat/.julia/adcme/bin/../lib/gcc/:/home/darve/adncat/.julia/adcme/bin/../lib/gcc/x86_64-conda_cos6-linux-gnu/5.4.0/../../../../x86_64-conda_cos6-linux-gnu/lib/../lib/:/home/darve/adncat/.julia/adcme/bin/../x86_64-conda_cos6-linux-gnu/sysroot/lib/../lib/:/home/darve/adncat/.julia/adcme/bin/../x86_64-conda_cos6-linux-gnu/sysroot/usr/lib/../lib/:/home/darve/adncat/.julia/adcme/bin/../lib/gcc/x86_64-conda_cos6-linux-gnu/5.4.0/../../../../x86_64-conda_cos6-linux-gnu/lib/:/home/darve/adncat/.julia/adcme/bin/../x86_64-conda_cos6-linux-gnu/sysroot/lib/:/home/darve/adncat/.julia/adcme/bin/../x86_64-conda_cos6-linux-gnu/sysroot/usr/lib/
COLLECT_GCC_OPTIONS='-v' '-o' 'CMakeFiles/cmTC_f70b3.dir/CMakeCCompilerABI.c.o' '-c' '-mtune=generic' '-march=x86-64'
[2/2] Linking C executable cmTC_f70b3
Reading specs from /home/darve/adncat/.julia/adcme/bin/../lib/gcc/x86_64-conda_cos6-linux-gnu/5.4.0/specs
COLLECT_GCC=/home/darve/adncat/.julia/adcme/bin/x86_64-conda_cos6-linux-gnu-gcc
COLLECT_LTO_WRAPPER=/home/darve/adncat/.julia/adcme/bin/../libexec/gcc/x86_64-conda_cos6-linux-gnu/5.4.0/lto-wrapper
Target: x86_64-conda_cos6-linux-gnu
Configured with: /home/jhelmus/mc3/conda-bld/compilers_linux-64_1520967904393/work/.build/src/gcc-5.4.0/configure --build=x86_64-build_pc-linux-gnu --host=x86_64-build_pc-linux-gnu --target=x86_64-conda_cos6-linux-gnu --prefix=/home/jhelmus/mc3/conda-bld/compilers_linux-64_1520967904393/work/gcc_built --with-sysroot=/home/jhelmus/mc3/conda-bld/compilers_linux-64_1520967904393/work/gcc_built/x86_64-conda_cos6-linux-gnu/sysroot --enable-languages=c,c++,fortran,objc,obj-c++ --with-pkgversion='crosstool-NG fa8859cb' --enable-__cxa_atexit --disable-libmudflap --enable-libgomp --disable-libssp --enable-libquadmath --enable-libquadmath-support --enable-libsanitizer --enable-libmpx --with-gmp=/home/jhelmus/mc3/conda-bld/compilers_linux-64_1520967904393/work/.build/x86_64-conda_cos6-linux-gnu/buildtools --with-mpfr=/home/jhelmus/mc3/conda-bld/compilers_linux-64_1520967904393/work/.build/x86_64-conda_cos6-linux-gnu/buildtools --with-mpc=/home/jhelmus/mc3/conda-bld/compilers_linux-64_1520967904393/work/.build/x86_64-conda_cos6-linux-gnu/buildtools --with-isl=/home/jhelmus/mc3/conda-bld/compilers_linux-64_1520967904393/work/.build/x86_64-conda_cos6-linux-gnu/buildtools --enable-lto --enable-threads=posix --enable-target-optspace --enable-plugin --enable-gold --disable-nls --disable-multilib --with-local-prefix=/home/jhelmus/mc3/conda-bld/compilers_linux-64_1520967904393/work/gcc_built/x86_64-conda_cos6-linux-gnu/sysroot --enable-long-long --enable-default-pie
Thread model: posix
gcc version 5.4.0 (crosstool-NG fa8859cb) 
COMPILER_PATH=/home/darve/adncat/.julia/adcme/bin/../libexec/gcc/x86_64-conda_cos6-linux-gnu/5.4.0/:/home/darve/adncat/.julia/adcme/bin/../libexec/gcc/:/home/darve/adncat/.julia/adcme/bin/../lib/gcc/x86_64-conda_cos6-linux-gnu/5.4.0/../../../../x86_64-conda_cos6-linux-gnu/bin/
LIBRARY_PATH=/home/darve/adncat/.julia/adcme/bin/../lib/gcc/x86_64-conda_cos6-linux-gnu/5.4.0/:/home/darve/adncat/.julia/adcme/bin/../lib/gcc/:/home/darve/adncat/.julia/adcme/bin/../lib/gcc/x86_64-conda_cos6-linux-gnu/5.4.0/../../../../x86_64-conda_cos6-linux-gnu/lib/../lib/:/home/darve/adncat/.julia/adcme/bin/../x86_64-conda_cos6-linux-gnu/sysroot/lib/../lib/:/home/darve/adncat/.julia/adcme/bin/../x86_64-conda_cos6-linux-gnu/sysroot/usr/lib/../lib/:/home/darve/adncat/.julia/adcme/bin/../lib/gcc/x86_64-conda_cos6-linux-gnu/5.4.0/../../../../x86_64-conda_cos6-linux-gnu/lib/:/home/darve/adncat/.julia/adcme/bin/../x86_64-conda_cos6-linux-gnu/sysroot/lib/:/home/darve/adncat/.julia/adcme/bin/../x86_64-conda_cos6-linux-gnu/sysroot/usr/lib/
COLLECT_GCC_OPTIONS='-v' '-o' 'cmTC_f70b3' '-mtune=generic' '-march=x86-64'
 /home/darve/adncat/.julia/adcme/bin/../libexec/gcc/x86_64-conda_cos6-linux-gnu/5.4.0/collect2 -plugin /home/darve/adncat/.julia/adcme/bin/../libexec/gcc/x86_64-conda_cos6-linux-gnu/5.4.0/liblto_plugin.so -plugin-opt=/home/darve/adncat/.julia/adcme/bin/../libexec/gcc/x86_64-conda_cos6-linux-gnu/5.4.0/lto-wrapper -plugin-opt=-fresolution=/tmp/ccsKmtrn.res -plugin-opt=-pass-through=-lgcc -plugin-opt=-pass-through=-lgcc_s -plugin-opt=-pass-through=-lc -plugin-opt=-pass-through=-lgcc -plugin-opt=-pass-through=-lgcc_s --sysroot=/home/darve/adncat/.julia/adcme/bin/../x86_64-conda_cos6-linux-gnu/sysroot --eh-frame-hdr -m elf_x86_64 -dynamic-linker /lib64/ld-linux-x86-64.so.2 -o cmTC_f70b3 /home/darve/adncat/.julia/adcme/bin/../x86_64-conda_cos6-linux-gnu/sysroot/usr/lib/../lib/crt1.o /home/darve/adncat/.julia/adcme/bin/../x86_64-conda_cos6-linux-gnu/sysroot/usr/lib/../lib/crti.o /home/darve/adncat/.julia/adcme/bin/../lib/gcc/x86_64-conda_cos6-linux-gnu/5.4.0/crtbegin.o -L/home/darve/adncat/.julia/adcme/bin/../lib/gcc/x86_64-conda_cos6-linux-gnu/5.4.0 -L/home/darve/adncat/.julia/adcme/bin/../lib/gcc -L/home/darve/adncat/.julia/adcme/bin/../lib/gcc/x86_64-conda_cos6-linux-gnu/5.4.0/../../../../x86_64-conda_cos6-linux-gnu/lib/../lib -L/home/darve/adncat/.julia/adcme/bin/../x86_64-conda_cos6-linux-gnu/sysroot/lib/../lib -L/home/darve/adncat/.julia/adcme/bin/../x86_64-conda_cos6-linux-gnu/sysroot/usr/lib/../lib -L/home/darve/adncat/.julia/adcme/bin/../lib/gcc/x86_64-conda_cos6-linux-gnu/5.4.0/../../../../x86_64-conda_cos6-linux-gnu/lib -L/home/darve/adncat/.julia/adcme/bin/../x86_64-conda_cos6-linux-gnu/sysroot/lib -L/home/darve/adncat/.julia/adcme/bin/../x86_64-conda_cos6-linux-gnu/sysroot/usr/lib -rpath /home/darve/adncat/.julia/adcme/lib CMakeFiles/cmTC_f70b3.dir/CMakeCCompilerABI.c.o -lgcc --as-needed -lgcc_s --no-as-needed -lc -lgcc --as-needed -lgcc_s --no-as-needed /home/darve/adncat/.julia/adcme/bin/../lib/gcc/x86_64-conda_cos6-linux-gnu/5.4.0/crtend.o /home/darve/adncat/.julia/adcme/bin/../x86_64-conda_cos6-linux-gnu/sysroot/usr/lib/../lib/crtn.o



Parsed C implicit include dir info from above output: rv=done
  found start of include info
  found start of implicit include info
    add: [/opt/ohpc/pub/compiler/intel-18/compilers_and_libraries_2018.2.199/linux/ipp/include]
    add: [/opt/ohpc/pub/compiler/intel-18/compilers_and_libraries_2018.2.199/linux/mkl/include]
    add: [/opt/ohpc/pub/compiler/intel-18/compilers_and_libraries_2018.2.199/linux/pstl/include]
    add: [/opt/ohpc/pub/compiler/intel-18/compilers_and_libraries_2018.2.199/linux/tbb/include]
    add: [/opt/ohpc/pub/compiler/intel-18/compilers_and_libraries_2018.2.199/linux/daal/include]
    add: [/home/darve/adncat/.julia/adcme/bin/../lib/gcc/x86_64-conda_cos6-linux-gnu/5.4.0/include]
    add: [/home/darve/adncat/.julia/adcme/bin/../lib/gcc/x86_64-conda_cos6-linux-gnu/5.4.0/include-fixed]
    add: [/home/darve/adncat/.julia/adcme/bin/../lib/gcc/x86_64-conda_cos6-linux-gnu/5.4.0/../../../../x86_64-conda_cos6-linux-gnu/include]
    add: [/home/darve/adncat/.julia/adcme/bin/../x86_64-conda_cos6-linux-gnu/sysroot/usr/include]
  end of search list found
  collapse include dir [/opt/ohpc/pub/compiler/intel-18/compilers_and_libraries_2018.2.199/linux/ipp/include] ==> [/opt/ohpc/pub/compiler/intel-18/compilers_and_libraries_2018.2.199/linux/ipp/include]
  collapse include dir [/opt/ohpc/pub/compiler/intel-18/compilers_and_libraries_2018.2.199/linux/mkl/include] ==> [/opt/ohpc/pub/compiler/intel-18/compilers_and_libraries_2018.2.199/linux/mkl/include]
  collapse include dir [/opt/ohpc/pub/compiler/intel-18/compilers_and_libraries_2018.2.199/linux/pstl/include] ==> [/opt/ohpc/pub/compiler/intel-18/compilers_and_libraries_2018.2.199/linux/pstl/include]
  collapse include dir [/opt/ohpc/pub/compiler/intel-18/compilers_and_libraries_2018.2.199/linux/tbb/include] ==> [/opt/ohpc/pub/compiler/intel-18/compilers_and_libraries_2018.2.199/linux/tbb/include]
  collapse include dir [/opt/ohpc/pub/compiler/intel-18/compilers_and_libraries_2018.2.199/linux/daal/include] ==> [/opt/ohpc/pub/compiler/intel-18/compilers_and_libraries_2018.2.199/linux/daal/include]
  collapse include dir [/home/darve/adncat/.julia/adcme/bin/../lib/gcc/x86_64-conda_cos6-linux-gnu/5.4.0/include] ==> [/home/darve/adncat/.julia/adcme/lib/gcc/x86_64-conda_cos6-linux-gnu/5.4.0/include]
  collapse include dir [/home/darve/adncat/.julia/adcme/bin/../lib/gcc/x86_64-conda_cos6-linux-gnu/5.4.0/include-fixed] ==> [/home/darve/adncat/.julia/adcme/lib/gcc/x86_64-conda_cos6-linux-gnu/5.4.0/include-fixed]
  collapse include dir [/home/darve/adncat/.julia/adcme/bin/../lib/gcc/x86_64-conda_cos6-linux-gnu/5.4.0/../../../../x86_64-conda_cos6-linux-gnu/include] ==> [/home/darve/adncat/.julia/adcme/x86_64-conda_cos6-linux-gnu/include]
  collapse include dir [/home/darve/adncat/.julia/adcme/bin/../x86_64-conda_cos6-linux-gnu/sysroot/usr/include] ==> [/home/darve/adncat/.julia/adcme/x86_64-conda_cos6-linux-gnu/sysroot/usr/include]
  implicit include dirs: [/opt/ohpc/pub/compiler/intel-18/compilers_and_libraries_2018.2.199/linux/ipp/include;/opt/ohpc/pub/compiler/intel-18/compilers_and_libraries_2018.2.199/linux/mkl/include;/opt/ohpc/pub/compiler/intel-18/compilers_and_libraries_2018.2.199/linux/pstl/include;/opt/ohpc/pub/compiler/intel-18/compilers_and_libraries_2018.2.199/linux/tbb/include;/opt/ohpc/pub/compiler/intel-18/compilers_and_libraries_2018.2.199/linux/daal/include;/home/darve/adncat/.julia/adcme/lib/gcc/x86_64-conda_cos6-linux-gnu/5.4.0/include;/home/darve/adncat/.julia/adcme/lib/gcc/x86_64-conda_cos6-linux-gnu/5.4.0/include-fixed;/home/darve/adncat/.julia/adcme/x86_64-conda_cos6-linux-gnu/include;/home/darve/adncat/.julia/adcme/x86_64-conda_cos6-linux-gnu/sysroot/usr/include]


Parsed C implicit link information from above output:
  link line regex: [^( *|.*[/\])(x86_64-conda_cos6-linux-gnu-ld|CMAKE_LINK_STARTFILE-NOTFOUND|([^/\]+-)?ld|collect2)[^/\]*( |$)]
  ignore line: [Change Dir: /home/darve/adncat/yizhou/PSAAP3/build/CMakeFiles/CMakeTmp]
  ignore line: []
  ignore line: [Run Build Command(s):/home/darve/adncat/.julia/adcme/bin/ninja cmTC_f70b3 && [1/2] Building C object CMakeFiles/cmTC_f70b3.dir/CMakeCCompilerABI.c.o]
  ignore line: [Reading specs from /home/darve/adncat/.julia/adcme/bin/../lib/gcc/x86_64-conda_cos6-linux-gnu/5.4.0/specs]
  ignore line: [COLLECT_GCC=/home/darve/adncat/.julia/adcme/bin/x86_64-conda_cos6-linux-gnu-gcc]
  ignore line: [Target: x86_64-conda_cos6-linux-gnu]
  ignore line: [Configured with: /home/jhelmus/mc3/conda-bld/compilers_linux-64_1520967904393/work/.build/src/gcc-5.4.0/configure --build=x86_64-build_pc-linux-gnu --host=x86_64-build_pc-linux-gnu --target=x86_64-conda_cos6-linux-gnu --prefix=/home/jhelmus/mc3/conda-bld/compilers_linux-64_1520967904393/work/gcc_built --with-sysroot=/home/jhelmus/mc3/conda-bld/compilers_linux-64_1520967904393/work/gcc_built/x86_64-conda_cos6-linux-gnu/sysroot --enable-languages=c c++ fortran objc obj-c++ --with-pkgversion='crosstool-NG fa8859cb' --enable-__cxa_atexit --disable-libmudflap --enable-libgomp --disable-libssp --enable-libquadmath --enable-libquadmath-support --enable-libsanitizer --enable-libmpx --with-gmp=/home/jhelmus/mc3/conda-bld/compilers_linux-64_1520967904393/work/.build/x86_64-conda_cos6-linux-gnu/buildtools --with-mpfr=/home/jhelmus/mc3/conda-bld/compilers_linux-64_1520967904393/work/.build/x86_64-conda_cos6-linux-gnu/buildtools --with-mpc=/home/jhelmus/mc3/conda-bld/compilers_linux-64_1520967904393/work/.build/x86_64-conda_cos6-linux-gnu/buildtools --with-isl=/home/jhelmus/mc3/conda-bld/compilers_linux-64_1520967904393/work/.build/x86_64-conda_cos6-linux-gnu/buildtools --enable-lto --enable-threads=posix --enable-target-optspace --enable-plugin --enable-gold --disable-nls --disable-multilib --with-local-prefix=/home/jhelmus/mc3/conda-bld/compilers_linux-64_1520967904393/work/gcc_built/x86_64-conda_cos6-linux-gnu/sysroot --enable-long-long --enable-default-pie]
  ignore line: [Thread model: posix]
  ignore line: [gcc version 5.4.0 (crosstool-NG fa8859cb) ]
  ignore line: [COLLECT_GCC_OPTIONS='-v' '-o' 'CMakeFiles/cmTC_f70b3.dir/CMakeCCompilerABI.c.o' '-c' '-mtune=generic' '-march=x86-64']
  ignore line: [ /home/darve/adncat/.julia/adcme/bin/../libexec/gcc/x86_64-conda_cos6-linux-gnu/5.4.0/cc1 -quiet -v -iprefix /home/darve/adncat/.julia/adcme/bin/../lib/gcc/x86_64-conda_cos6-linux-gnu/5.4.0/ -isysroot /home/darve/adncat/.julia/adcme/bin/../x86_64-conda_cos6-linux-gnu/sysroot /home/darve/adncat/.julia/adcme/share/cmake-3.18/Modules/CMakeCCompilerABI.c -quiet -dumpbase CMakeCCompilerABI.c -mtune=generic -march=x86-64 -auxbase-strip CMakeFiles/cmTC_f70b3.dir/CMakeCCompilerABI.c.o -version -o /tmp/cc880kom.s]
  ignore line: [GNU C11 (crosstool-NG fa8859cb) version 5.4.0 (x86_64-conda_cos6-linux-gnu)]
  ignore line: [	compiled by GNU C version 4.4.7 20120313 (Red Hat 4.4.7-18)  GMP version 6.1.2  MPFR version 3.1.5  MPC version 1.0.3]
  ignore line: [GGC heuristics: --param ggc-min-expand=100 --param ggc-min-heapsize=131072]
  ignore line: [ignoring duplicate directory "/home/darve/adncat/.julia/adcme/bin/../lib/gcc/../../lib/gcc/x86_64-conda_cos6-linux-gnu/5.4.0/include"]
  ignore line: [ignoring nonexistent directory "/home/darve/adncat/.julia/adcme/bin/../x86_64-conda_cos6-linux-gnu/sysroot/home/jhelmus/mc3/conda-bld/compilers_linux-64_1520967904393/work/gcc_built/x86_64-conda_cos6-linux-gnu/sysroot/include"]
  ignore line: [ignoring duplicate directory "/home/darve/adncat/.julia/adcme/bin/../lib/gcc/../../lib/gcc/x86_64-conda_cos6-linux-gnu/5.4.0/include-fixed"]
  ignore line: [ignoring duplicate directory "/home/darve/adncat/.julia/adcme/bin/../lib/gcc/../../lib/gcc/x86_64-conda_cos6-linux-gnu/5.4.0/../../../../x86_64-conda_cos6-linux-gnu/include"]
  ignore line: [#include "..." search starts here:]
  ignore line: [#include <...> search starts here:]
  ignore line: [ /opt/ohpc/pub/compiler/intel-18/compilers_and_libraries_2018.2.199/linux/ipp/include]
  ignore line: [ /opt/ohpc/pub/compiler/intel-18/compilers_and_libraries_2018.2.199/linux/mkl/include]
  ignore line: [ /opt/ohpc/pub/compiler/intel-18/compilers_and_libraries_2018.2.199/linux/pstl/include]
  ignore line: [ /opt/ohpc/pub/compiler/intel-18/compilers_and_libraries_2018.2.199/linux/tbb/include]
  ignore line: [ /opt/ohpc/pub/compiler/intel-18/compilers_and_libraries_2018.2.199/linux/daal/include]
  ignore line: [ /home/darve/adncat/.julia/adcme/bin/../lib/gcc/x86_64-conda_cos6-linux-gnu/5.4.0/include]
  ignore line: [ /home/darve/adncat/.julia/adcme/bin/../lib/gcc/x86_64-conda_cos6-linux-gnu/5.4.0/include-fixed]
  ignore line: [ /home/darve/adncat/.julia/adcme/bin/../lib/gcc/x86_64-conda_cos6-linux-gnu/5.4.0/../../../../x86_64-conda_cos6-linux-gnu/include]
  ignore line: [ /home/darve/adncat/.julia/adcme/bin/../x86_64-conda_cos6-linux-gnu/sysroot/usr/include]
  ignore line: [End of search list.]
  ignore line: [GNU C11 (crosstool-NG fa8859cb) version 5.4.0 (x86_64-conda_cos6-linux-gnu)]
  ignore line: [	compiled by GNU C version 4.4.7 20120313 (Red Hat 4.4.7-18)  GMP version 6.1.2  MPFR version 3.1.5  MPC version 1.0.3]
  ignore line: [GGC heuristics: --param ggc-min-expand=100 --param ggc-min-heapsize=131072]
  ignore line: [Compiler executable checksum: b5a19f1193ce86ea4bf75521624507f0]
  ignore line: [COLLECT_GCC_OPTIONS='-v' '-o' 'CMakeFiles/cmTC_f70b3.dir/CMakeCCompilerABI.c.o' '-c' '-mtune=generic' '-march=x86-64']
  ignore line: [ /home/darve/adncat/.julia/adcme/bin/../lib/gcc/x86_64-conda_cos6-linux-gnu/5.4.0/../../../../x86_64-conda_cos6-linux-gnu/bin/as -v --64 -o CMakeFiles/cmTC_f70b3.dir/CMakeCCompilerABI.c.o /tmp/cc880kom.s]
  ignore line: [GNU assembler version 2.28.1 (x86_64-conda_cos6-linux-gnu) using BFD version (crosstool-NG fa8859cb) 2.28.1]
  ignore line: [COMPILER_PATH=/home/darve/adncat/.julia/adcme/bin/../libexec/gcc/x86_64-conda_cos6-linux-gnu/5.4.0/:/home/darve/adncat/.julia/adcme/bin/../libexec/gcc/:/home/darve/adncat/.julia/adcme/bin/../lib/gcc/x86_64-conda_cos6-linux-gnu/5.4.0/../../../../x86_64-conda_cos6-linux-gnu/bin/]
  ignore line: [LIBRARY_PATH=/home/darve/adncat/.julia/adcme/bin/../lib/gcc/x86_64-conda_cos6-linux-gnu/5.4.0/:/home/darve/adncat/.julia/adcme/bin/../lib/gcc/:/home/darve/adncat/.julia/adcme/bin/../lib/gcc/x86_64-conda_cos6-linux-gnu/5.4.0/../../../../x86_64-conda_cos6-linux-gnu/lib/../lib/:/home/darve/adncat/.julia/adcme/bin/../x86_64-conda_cos6-linux-gnu/sysroot/lib/../lib/:/home/darve/adncat/.julia/adcme/bin/../x86_64-conda_cos6-linux-gnu/sysroot/usr/lib/../lib/:/home/darve/adncat/.julia/adcme/bin/../lib/gcc/x86_64-conda_cos6-linux-gnu/5.4.0/../../../../x86_64-conda_cos6-linux-gnu/lib/:/home/darve/adncat/.julia/adcme/bin/../x86_64-conda_cos6-linux-gnu/sysroot/lib/:/home/darve/adncat/.julia/adcme/bin/../x86_64-conda_cos6-linux-gnu/sysroot/usr/lib/]
  ignore line: [COLLECT_GCC_OPTIONS='-v' '-o' 'CMakeFiles/cmTC_f70b3.dir/CMakeCCompilerABI.c.o' '-c' '-mtune=generic' '-march=x86-64']
  ignore line: [[2/2] Linking C executable cmTC_f70b3]
  ignore line: [Reading specs from /home/darve/adncat/.julia/adcme/bin/../lib/gcc/x86_64-conda_cos6-linux-gnu/5.4.0/specs]
  ignore line: [COLLECT_GCC=/home/darve/adncat/.julia/adcme/bin/x86_64-conda_cos6-linux-gnu-gcc]
  ignore line: [COLLECT_LTO_WRAPPER=/home/darve/adncat/.julia/adcme/bin/../libexec/gcc/x86_64-conda_cos6-linux-gnu/5.4.0/lto-wrapper]
  ignore line: [Target: x86_64-conda_cos6-linux-gnu]
  ignore line: [Configured with: /home/jhelmus/mc3/conda-bld/compilers_linux-64_1520967904393/work/.build/src/gcc-5.4.0/configure --build=x86_64-build_pc-linux-gnu --host=x86_64-build_pc-linux-gnu --target=x86_64-conda_cos6-linux-gnu --prefix=/home/jhelmus/mc3/conda-bld/compilers_linux-64_1520967904393/work/gcc_built --with-sysroot=/home/jhelmus/mc3/conda-bld/compilers_linux-64_1520967904393/work/gcc_built/x86_64-conda_cos6-linux-gnu/sysroot --enable-languages=c c++ fortran objc obj-c++ --with-pkgversion='crosstool-NG fa8859cb' --enable-__cxa_atexit --disable-libmudflap --enable-libgomp --disable-libssp --enable-libquadmath --enable-libquadmath-support --enable-libsanitizer --enable-libmpx --with-gmp=/home/jhelmus/mc3/conda-bld/compilers_linux-64_1520967904393/work/.build/x86_64-conda_cos6-linux-gnu/buildtools --with-mpfr=/home/jhelmus/mc3/conda-bld/compilers_linux-64_1520967904393/work/.build/x86_64-conda_cos6-linux-gnu/buildtools --with-mpc=/home/jhelmus/mc3/conda-bld/compilers_linux-64_1520967904393/work/.build/x86_64-conda_cos6-linux-gnu/buildtools --with-isl=/home/jhelmus/mc3/conda-bld/compilers_linux-64_1520967904393/work/.build/x86_64-conda_cos6-linux-gnu/buildtools --enable-lto --enable-threads=posix --enable-target-optspace --enable-plugin --enable-gold --disable-nls --disable-multilib --with-local-prefix=/home/jhelmus/mc3/conda-bld/compilers_linux-64_1520967904393/work/gcc_built/x86_64-conda_cos6-linux-gnu/sysroot --enable-long-long --enable-default-pie]
  ignore line: [Thread model: posix]
  ignore line: [gcc version 5.4.0 (crosstool-NG fa8859cb) ]
  ignore line: [COMPILER_PATH=/home/darve/adncat/.julia/adcme/bin/../libexec/gcc/x86_64-conda_cos6-linux-gnu/5.4.0/:/home/darve/adncat/.julia/adcme/bin/../libexec/gcc/:/home/darve/adncat/.julia/adcme/bin/../lib/gcc/x86_64-conda_cos6-linux-gnu/5.4.0/../../../../x86_64-conda_cos6-linux-gnu/bin/]
  ignore line: [LIBRARY_PATH=/home/darve/adncat/.julia/adcme/bin/../lib/gcc/x86_64-conda_cos6-linux-gnu/5.4.0/:/home/darve/adncat/.julia/adcme/bin/../lib/gcc/:/home/darve/adncat/.julia/adcme/bin/../lib/gcc/x86_64-conda_cos6-linux-gnu/5.4.0/../../../../x86_64-conda_cos6-linux-gnu/lib/../lib/:/home/darve/adncat/.julia/adcme/bin/../x86_64-conda_cos6-linux-gnu/sysroot/lib/../lib/:/home/darve/adncat/.julia/adcme/bin/../x86_64-conda_cos6-linux-gnu/sysroot/usr/lib/../lib/:/home/darve/adncat/.julia/adcme/bin/../lib/gcc/x86_64-conda_cos6-linux-gnu/5.4.0/../../../../x86_64-conda_cos6-linux-gnu/lib/:/home/darve/adncat/.julia/adcme/bin/../x86_64-conda_cos6-linux-gnu/sysroot/lib/:/home/darve/adncat/.julia/adcme/bin/../x86_64-conda_cos6-linux-gnu/sysroot/usr/lib/]
  ignore line: [COLLECT_GCC_OPTIONS='-v' '-o' 'cmTC_f70b3' '-mtune=generic' '-march=x86-64']
  link line: [ /home/darve/adncat/.julia/adcme/bin/../libexec/gcc/x86_64-conda_cos6-linux-gnu/5.4.0/collect2 -plugin /home/darve/adncat/.julia/adcme/bin/../libexec/gcc/x86_64-conda_cos6-linux-gnu/5.4.0/liblto_plugin.so -plugin-opt=/home/darve/adncat/.julia/adcme/bin/../libexec/gcc/x86_64-conda_cos6-linux-gnu/5.4.0/lto-wrapper -plugin-opt=-fresolution=/tmp/ccsKmtrn.res -plugin-opt=-pass-through=-lgcc -plugin-opt=-pass-through=-lgcc_s -plugin-opt=-pass-through=-lc -plugin-opt=-pass-through=-lgcc -plugin-opt=-pass-through=-lgcc_s --sysroot=/home/darve/adncat/.julia/adcme/bin/../x86_64-conda_cos6-linux-gnu/sysroot --eh-frame-hdr -m elf_x86_64 -dynamic-linker /lib64/ld-linux-x86-64.so.2 -o cmTC_f70b3 /home/darve/adncat/.julia/adcme/bin/../x86_64-conda_cos6-linux-gnu/sysroot/usr/lib/../lib/crt1.o /home/darve/adncat/.julia/adcme/bin/../x86_64-conda_cos6-linux-gnu/sysroot/usr/lib/../lib/crti.o /home/darve/adncat/.julia/adcme/bin/../lib/gcc/x86_64-conda_cos6-linux-gnu/5.4.0/crtbegin.o -L/home/darve/adncat/.julia/adcme/bin/../lib/gcc/x86_64-conda_cos6-linux-gnu/5.4.0 -L/home/darve/adncat/.julia/adcme/bin/../lib/gcc -L/home/darve/adncat/.julia/adcme/bin/../lib/gcc/x86_64-conda_cos6-linux-gnu/5.4.0/../../../../x86_64-conda_cos6-linux-gnu/lib/../lib -L/home/darve/adncat/.julia/adcme/bin/../x86_64-conda_cos6-linux-gnu/sysroot/lib/../lib -L/home/darve/adncat/.julia/adcme/bin/../x86_64-conda_cos6-linux-gnu/sysroot/usr/lib/../lib -L/home/darve/adncat/.julia/adcme/bin/../lib/gcc/x86_64-conda_cos6-linux-gnu/5.4.0/../../../../x86_64-conda_cos6-linux-gnu/lib -L/home/darve/adncat/.julia/adcme/bin/../x86_64-conda_cos6-linux-gnu/sysroot/lib -L/home/darve/adncat/.julia/adcme/bin/../x86_64-conda_cos6-linux-gnu/sysroot/usr/lib -rpath /home/darve/adncat/.julia/adcme/lib CMakeFiles/cmTC_f70b3.dir/CMakeCCompilerABI.c.o -lgcc --as-needed -lgcc_s --no-as-needed -lc -lgcc --as-needed -lgcc_s --no-as-needed /home/darve/adncat/.julia/adcme/bin/../lib/gcc/x86_64-conda_cos6-linux-gnu/5.4.0/crtend.o /home/darve/adncat/.julia/adcme/bin/../x86_64-conda_cos6-linux-gnu/sysroot/usr/lib/../lib/crtn.o]
    arg [/home/darve/adncat/.julia/adcme/bin/../libexec/gcc/x86_64-conda_cos6-linux-gnu/5.4.0/collect2] ==> ignore
    arg [-plugin] ==> ignore
    arg [/home/darve/adncat/.julia/adcme/bin/../libexec/gcc/x86_64-conda_cos6-linux-gnu/5.4.0/liblto_plugin.so] ==> ignore
    arg [-plugin-opt=/home/darve/adncat/.julia/adcme/bin/../libexec/gcc/x86_64-conda_cos6-linux-gnu/5.4.0/lto-wrapper] ==> ignore
    arg [-plugin-opt=-fresolution=/tmp/ccsKmtrn.res] ==> ignore
    arg [-plugin-opt=-pass-through=-lgcc] ==> ignore
    arg [-plugin-opt=-pass-through=-lgcc_s] ==> ignore
    arg [-plugin-opt=-pass-through=-lc] ==> ignore
    arg [-plugin-opt=-pass-through=-lgcc] ==> ignore
    arg [-plugin-opt=-pass-through=-lgcc_s] ==> ignore
    arg [--sysroot=/home/darve/adncat/.julia/adcme/bin/../x86_64-conda_cos6-linux-gnu/sysroot] ==> ignore
    arg [--eh-frame-hdr] ==> ignore
    arg [-m] ==> ignore
    arg [elf_x86_64] ==> ignore
    arg [-dynamic-linker] ==> ignore
    arg [/lib64/ld-linux-x86-64.so.2] ==> ignore
    arg [-o] ==> ignore
    arg [cmTC_f70b3] ==> ignore
    arg [/home/darve/adncat/.julia/adcme/bin/../x86_64-conda_cos6-linux-gnu/sysroot/usr/lib/../lib/crt1.o] ==> ignore
    arg [/home/darve/adncat/.julia/adcme/bin/../x86_64-conda_cos6-linux-gnu/sysroot/usr/lib/../lib/crti.o] ==> ignore
    arg [/home/darve/adncat/.julia/adcme/bin/../lib/gcc/x86_64-conda_cos6-linux-gnu/5.4.0/crtbegin.o] ==> ignore
    arg [-L/home/darve/adncat/.julia/adcme/bin/../lib/gcc/x86_64-conda_cos6-linux-gnu/5.4.0] ==> dir [/home/darve/adncat/.julia/adcme/bin/../lib/gcc/x86_64-conda_cos6-linux-gnu/5.4.0]
    arg [-L/home/darve/adncat/.julia/adcme/bin/../lib/gcc] ==> dir [/home/darve/adncat/.julia/adcme/bin/../lib/gcc]
    arg [-L/home/darve/adncat/.julia/adcme/bin/../lib/gcc/x86_64-conda_cos6-linux-gnu/5.4.0/../../../../x86_64-conda_cos6-linux-gnu/lib/../lib] ==> dir [/home/darve/adncat/.julia/adcme/bin/../lib/gcc/x86_64-conda_cos6-linux-gnu/5.4.0/../../../../x86_64-conda_cos6-linux-gnu/lib/../lib]
    arg [-L/home/darve/adncat/.julia/adcme/bin/../x86_64-conda_cos6-linux-gnu/sysroot/lib/../lib] ==> dir [/home/darve/adncat/.julia/adcme/bin/../x86_64-conda_cos6-linux-gnu/sysroot/lib/../lib]
    arg [-L/home/darve/adncat/.julia/adcme/bin/../x86_64-conda_cos6-linux-gnu/sysroot/usr/lib/../lib] ==> dir [/home/darve/adncat/.julia/adcme/bin/../x86_64-conda_cos6-linux-gnu/sysroot/usr/lib/../lib]
    arg [-L/home/darve/adncat/.julia/adcme/bin/../lib/gcc/x86_64-conda_cos6-linux-gnu/5.4.0/../../../../x86_64-conda_cos6-linux-gnu/lib] ==> dir [/home/darve/adncat/.julia/adcme/bin/../lib/gcc/x86_64-conda_cos6-linux-gnu/5.4.0/../../../../x86_64-conda_cos6-linux-gnu/lib]
    arg [-L/home/darve/adncat/.julia/adcme/bin/../x86_64-conda_cos6-linux-gnu/sysroot/lib] ==> dir [/home/darve/adncat/.julia/adcme/bin/../x86_64-conda_cos6-linux-gnu/sysroot/lib]
    arg [-L/home/darve/adncat/.julia/adcme/bin/../x86_64-conda_cos6-linux-gnu/sysroot/usr/lib] ==> dir [/home/darve/adncat/.julia/adcme/bin/../x86_64-conda_cos6-linux-gnu/sysroot/usr/lib]
    arg [-rpath] ==> ignore
    arg [/home/darve/adncat/.julia/adcme/lib] ==> ignore
    arg [CMakeFiles/cmTC_f70b3.dir/CMakeCCompilerABI.c.o] ==> ignore
    arg [-lgcc] ==> lib [gcc]
    arg [--as-needed] ==> ignore
    arg [-lgcc_s] ==> lib [gcc_s]
    arg [--no-as-needed] ==> ignore
    arg [-lc] ==> lib [c]
    arg [-lgcc] ==> lib [gcc]
    arg [--as-needed] ==> ignore
    arg [-lgcc_s] ==> lib [gcc_s]
    arg [--no-as-needed] ==> ignore
    arg [/home/darve/adncat/.julia/adcme/bin/../lib/gcc/x86_64-conda_cos6-linux-gnu/5.4.0/crtend.o] ==> ignore
    arg [/home/darve/adncat/.julia/adcme/bin/../x86_64-conda_cos6-linux-gnu/sysroot/usr/lib/../lib/crtn.o] ==> ignore
  collapse library dir [/home/darve/adncat/.julia/adcme/bin/../lib/gcc/x86_64-conda_cos6-linux-gnu/5.4.0] ==> [/home/darve/adncat/.julia/adcme/lib/gcc/x86_64-conda_cos6-linux-gnu/5.4.0]
  collapse library dir [/home/darve/adncat/.julia/adcme/bin/../lib/gcc] ==> [/home/darve/adncat/.julia/adcme/lib/gcc]
  collapse library dir [/home/darve/adncat/.julia/adcme/bin/../lib/gcc/x86_64-conda_cos6-linux-gnu/5.4.0/../../../../x86_64-conda_cos6-linux-gnu/lib/../lib] ==> [/home/darve/adncat/.julia/adcme/x86_64-conda_cos6-linux-gnu/lib]
  collapse library dir [/home/darve/adncat/.julia/adcme/bin/../x86_64-conda_cos6-linux-gnu/sysroot/lib/../lib] ==> [/home/darve/adncat/.julia/adcme/x86_64-conda_cos6-linux-gnu/sysroot/lib]
  collapse library dir [/home/darve/adncat/.julia/adcme/bin/../x86_64-conda_cos6-linux-gnu/sysroot/usr/lib/../lib] ==> [/home/darve/adncat/.julia/adcme/x86_64-conda_cos6-linux-gnu/sysroot/usr/lib]
  collapse library dir [/home/darve/adncat/.julia/adcme/bin/../lib/gcc/x86_64-conda_cos6-linux-gnu/5.4.0/../../../../x86_64-conda_cos6-linux-gnu/lib] ==> [/home/darve/adncat/.julia/adcme/x86_64-conda_cos6-linux-gnu/lib]
  collapse library dir [/home/darve/adncat/.julia/adcme/bin/../x86_64-conda_cos6-linux-gnu/sysroot/lib] ==> [/home/darve/adncat/.julia/adcme/x86_64-conda_cos6-linux-gnu/sysroot/lib]
  collapse library dir [/home/darve/adncat/.julia/adcme/bin/../x86_64-conda_cos6-linux-gnu/sysroot/usr/lib] ==> [/home/darve/adncat/.julia/adcme/x86_64-conda_cos6-linux-gnu/sysroot/usr/lib]
  implicit libs: [gcc;gcc_s;c;gcc;gcc_s]
  implicit dirs: [/home/darve/adncat/.julia/adcme/lib/gcc/x86_64-conda_cos6-linux-gnu/5.4.0;/home/darve/adncat/.julia/adcme/lib/gcc;/home/darve/adncat/.julia/adcme/x86_64-conda_cos6-linux-gnu/lib;/home/darve/adncat/.julia/adcme/x86_64-conda_cos6-linux-gnu/sysroot/lib;/home/darve/adncat/.julia/adcme/x86_64-conda_cos6-linux-gnu/sysroot/usr/lib]
  implicit fwks: []


Detecting CXX compiler ABI info compiled with the following output:
Change Dir: /home/darve/adncat/yizhou/PSAAP3/build/CMakeFiles/CMakeTmp

Run Build Command(s):/home/darve/adncat/.julia/adcme/bin/ninja cmTC_738f9 && [1/2] Building CXX object CMakeFiles/cmTC_738f9.dir/CMakeCXXCompilerABI.cpp.o
Reading specs from /home/darve/adncat/.julia/adcme/bin/../lib/gcc/x86_64-conda_cos6-linux-gnu/5.4.0/specs
COLLECT_GCC=/home/darve/adncat/.julia/adcme/bin/x86_64-conda_cos6-linux-gnu-g++
Target: x86_64-conda_cos6-linux-gnu
Configured with: /home/jhelmus/mc3/conda-bld/compilers_linux-64_1520967904393/work/.build/src/gcc-5.4.0/configure --build=x86_64-build_pc-linux-gnu --host=x86_64-build_pc-linux-gnu --target=x86_64-conda_cos6-linux-gnu --prefix=/home/jhelmus/mc3/conda-bld/compilers_linux-64_1520967904393/work/gcc_built --with-sysroot=/home/jhelmus/mc3/conda-bld/compilers_linux-64_1520967904393/work/gcc_built/x86_64-conda_cos6-linux-gnu/sysroot --enable-languages=c,c++,fortran,objc,obj-c++ --with-pkgversion='crosstool-NG fa8859cb' --enable-__cxa_atexit --disable-libmudflap --enable-libgomp --disable-libssp --enable-libquadmath --enable-libquadmath-support --enable-libsanitizer --enable-libmpx --with-gmp=/home/jhelmus/mc3/conda-bld/compilers_linux-64_1520967904393/work/.build/x86_64-conda_cos6-linux-gnu/buildtools --with-mpfr=/home/jhelmus/mc3/conda-bld/compilers_linux-64_1520967904393/work/.build/x86_64-conda_cos6-linux-gnu/buildtools --with-mpc=/home/jhelmus/mc3/conda-bld/compilers_linux-64_1520967904393/work/.build/x86_64-conda_cos6-linux-gnu/buildtools --with-isl=/home/jhelmus/mc3/conda-bld/compilers_linux-64_1520967904393/work/.build/x86_64-conda_cos6-linux-gnu/buildtools --enable-lto --enable-threads=posix --enable-target-optspace --enable-plugin --enable-gold --disable-nls --disable-multilib --with-local-prefix=/home/jhelmus/mc3/conda-bld/compilers_linux-64_1520967904393/work/gcc_built/x86_64-conda_cos6-linux-gnu/sysroot --enable-long-long --enable-default-pie
Thread model: posix
gcc version 5.4.0 (crosstool-NG fa8859cb) 
COLLECT_GCC_OPTIONS='-v' '-o' 'CMakeFiles/cmTC_738f9.dir/CMakeCXXCompilerABI.cpp.o' '-c' '-shared-libgcc' '-mtune=generic' '-march=x86-64'
 /home/darve/adncat/.julia/adcme/bin/../libexec/gcc/x86_64-conda_cos6-linux-gnu/5.4.0/cc1plus -quiet -v -iprefix /home/darve/adncat/.julia/adcme/bin/../lib/gcc/x86_64-conda_cos6-linux-gnu/5.4.0/ -isysroot /home/darve/adncat/.julia/adcme/bin/../x86_64-conda_cos6-linux-gnu/sysroot -D_GNU_SOURCE /home/darve/adncat/.julia/adcme/share/cmake-3.18/Modules/CMakeCXXCompilerABI.cpp -quiet -dumpbase CMakeCXXCompilerABI.cpp -mtune=generic -march=x86-64 -auxbase-strip CMakeFiles/cmTC_738f9.dir/CMakeCXXCompilerABI.cpp.o -version -o /tmp/cceWqX2R.s
GNU C++ (crosstool-NG fa8859cb) version 5.4.0 (x86_64-conda_cos6-linux-gnu)
	compiled by GNU C version 4.4.7 20120313 (Red Hat 4.4.7-18), GMP version 6.1.2, MPFR version 3.1.5, MPC version 1.0.3
GGC heuristics: --param ggc-min-expand=100 --param ggc-min-heapsize=131072
ignoring duplicate directory "/home/darve/adncat/.julia/adcme/bin/../lib/gcc/../../lib/gcc/x86_64-conda_cos6-linux-gnu/5.4.0/../../../../x86_64-conda_cos6-linux-gnu/include/c++/5.4.0"
ignoring duplicate directory "/home/darve/adncat/.julia/adcme/bin/../lib/gcc/../../lib/gcc/x86_64-conda_cos6-linux-gnu/5.4.0/../../../../x86_64-conda_cos6-linux-gnu/include/c++/5.4.0/x86_64-conda_cos6-linux-gnu"
ignoring duplicate directory "/home/darve/adncat/.julia/adcme/bin/../lib/gcc/../../lib/gcc/x86_64-conda_cos6-linux-gnu/5.4.0/../../../../x86_64-conda_cos6-linux-gnu/include/c++/5.4.0/backward"
ignoring duplicate directory "/home/darve/adncat/.julia/adcme/bin/../lib/gcc/../../lib/gcc/x86_64-conda_cos6-linux-gnu/5.4.0/include"
ignoring nonexistent directory "/home/darve/adncat/.julia/adcme/bin/../x86_64-conda_cos6-linux-gnu/sysroot/home/jhelmus/mc3/conda-bld/compilers_linux-64_1520967904393/work/gcc_built/x86_64-conda_cos6-linux-gnu/sysroot/include"
ignoring duplicate directory "/home/darve/adncat/.julia/adcme/bin/../lib/gcc/../../lib/gcc/x86_64-conda_cos6-linux-gnu/5.4.0/include-fixed"
ignoring duplicate directory "/home/darve/adncat/.julia/adcme/bin/../lib/gcc/../../lib/gcc/x86_64-conda_cos6-linux-gnu/5.4.0/../../../../x86_64-conda_cos6-linux-gnu/include"
#include "..." search starts here:
#include <...> search starts here:
 /opt/ohpc/pub/compiler/intel-18/compilers_and_libraries_2018.2.199/linux/ipp/include
 /opt/ohpc/pub/compiler/intel-18/compilers_and_libraries_2018.2.199/linux/mkl/include
 /opt/ohpc/pub/compiler/intel-18/compilers_and_libraries_2018.2.199/linux/pstl/include
 /opt/ohpc/pub/compiler/intel-18/compilers_and_libraries_2018.2.199/linux/tbb/include
 /opt/ohpc/pub/compiler/intel-18/compilers_and_libraries_2018.2.199/linux/daal/include
 /home/darve/adncat/.julia/adcme/bin/../lib/gcc/x86_64-conda_cos6-linux-gnu/5.4.0/../../../../x86_64-conda_cos6-linux-gnu/include/c++/5.4.0
 /home/darve/adncat/.julia/adcme/bin/../lib/gcc/x86_64-conda_cos6-linux-gnu/5.4.0/../../../../x86_64-conda_cos6-linux-gnu/include/c++/5.4.0/x86_64-conda_cos6-linux-gnu
 /home/darve/adncat/.julia/adcme/bin/../lib/gcc/x86_64-conda_cos6-linux-gnu/5.4.0/../../../../x86_64-conda_cos6-linux-gnu/include/c++/5.4.0/backward
 /home/darve/adncat/.julia/adcme/bin/../lib/gcc/x86_64-conda_cos6-linux-gnu/5.4.0/include
 /home/darve/adncat/.julia/adcme/bin/../lib/gcc/x86_64-conda_cos6-linux-gnu/5.4.0/include-fixed
 /home/darve/adncat/.julia/adcme/bin/../lib/gcc/x86_64-conda_cos6-linux-gnu/5.4.0/../../../../x86_64-conda_cos6-linux-gnu/include
 /home/darve/adncat/.julia/adcme/bin/../x86_64-conda_cos6-linux-gnu/sysroot/usr/include
End of search list.
GNU C++ (crosstool-NG fa8859cb) version 5.4.0 (x86_64-conda_cos6-linux-gnu)
	compiled by GNU C version 4.4.7 20120313 (Red Hat 4.4.7-18), GMP version 6.1.2, MPFR version 3.1.5, MPC version 1.0.3
GGC heuristics: --param ggc-min-expand=100 --param ggc-min-heapsize=131072
Compiler executable checksum: 29b05afcc41b8e021daaf99030cee73a
COLLECT_GCC_OPTIONS='-v' '-o' 'CMakeFiles/cmTC_738f9.dir/CMakeCXXCompilerABI.cpp.o' '-c' '-shared-libgcc' '-mtune=generic' '-march=x86-64'
 /home/darve/adncat/.julia/adcme/bin/../lib/gcc/x86_64-conda_cos6-linux-gnu/5.4.0/../../../../x86_64-conda_cos6-linux-gnu/bin/as -v --64 -o CMakeFiles/cmTC_738f9.dir/CMakeCXXCompilerABI.cpp.o /tmp/cceWqX2R.s
GNU assembler version 2.28.1 (x86_64-conda_cos6-linux-gnu) using BFD version (crosstool-NG fa8859cb) 2.28.1
COMPILER_PATH=/home/darve/adncat/.julia/adcme/bin/../libexec/gcc/x86_64-conda_cos6-linux-gnu/5.4.0/:/home/darve/adncat/.julia/adcme/bin/../libexec/gcc/:/home/darve/adncat/.julia/adcme/bin/../lib/gcc/x86_64-conda_cos6-linux-gnu/5.4.0/../../../../x86_64-conda_cos6-linux-gnu/bin/
LIBRARY_PATH=/home/darve/adncat/.julia/adcme/bin/../lib/gcc/x86_64-conda_cos6-linux-gnu/5.4.0/:/home/darve/adncat/.julia/adcme/bin/../lib/gcc/:/home/darve/adncat/.julia/adcme/bin/../lib/gcc/x86_64-conda_cos6-linux-gnu/5.4.0/../../../../x86_64-conda_cos6-linux-gnu/lib/../lib/:/home/darve/adncat/.julia/adcme/bin/../x86_64-conda_cos6-linux-gnu/sysroot/lib/../lib/:/home/darve/adncat/.julia/adcme/bin/../x86_64-conda_cos6-linux-gnu/sysroot/usr/lib/../lib/:/home/darve/adncat/.julia/adcme/bin/../lib/gcc/x86_64-conda_cos6-linux-gnu/5.4.0/../../../../x86_64-conda_cos6-linux-gnu/lib/:/home/darve/adncat/.julia/adcme/bin/../x86_64-conda_cos6-linux-gnu/sysroot/lib/:/home/darve/adncat/.julia/adcme/bin/../x86_64-conda_cos6-linux-gnu/sysroot/usr/lib/
COLLECT_GCC_OPTIONS='-v' '-o' 'CMakeFiles/cmTC_738f9.dir/CMakeCXXCompilerABI.cpp.o' '-c' '-shared-libgcc' '-mtune=generic' '-march=x86-64'
[2/2] Linking CXX executable cmTC_738f9
Reading specs from /home/darve/adncat/.julia/adcme/bin/../lib/gcc/x86_64-conda_cos6-linux-gnu/5.4.0/specs
COLLECT_GCC=/home/darve/adncat/.julia/adcme/bin/x86_64-conda_cos6-linux-gnu-g++
COLLECT_LTO_WRAPPER=/home/darve/adncat/.julia/adcme/bin/../libexec/gcc/x86_64-conda_cos6-linux-gnu/5.4.0/lto-wrapper
Target: x86_64-conda_cos6-linux-gnu
Configured with: /home/jhelmus/mc3/conda-bld/compilers_linux-64_1520967904393/work/.build/src/gcc-5.4.0/configure --build=x86_64-build_pc-linux-gnu --host=x86_64-build_pc-linux-gnu --target=x86_64-conda_cos6-linux-gnu --prefix=/home/jhelmus/mc3/conda-bld/compilers_linux-64_1520967904393/work/gcc_built --with-sysroot=/home/jhelmus/mc3/conda-bld/compilers_linux-64_1520967904393/work/gcc_built/x86_64-conda_cos6-linux-gnu/sysroot --enable-languages=c,c++,fortran,objc,obj-c++ --with-pkgversion='crosstool-NG fa8859cb' --enable-__cxa_atexit --disable-libmudflap --enable-libgomp --disable-libssp --enable-libquadmath --enable-libquadmath-support --enable-libsanitizer --enable-libmpx --with-gmp=/home/jhelmus/mc3/conda-bld/compilers_linux-64_1520967904393/work/.build/x86_64-conda_cos6-linux-gnu/buildtools --with-mpfr=/home/jhelmus/mc3/conda-bld/compilers_linux-64_1520967904393/work/.build/x86_64-conda_cos6-linux-gnu/buildtools --with-mpc=/home/jhelmus/mc3/conda-bld/compilers_linux-64_1520967904393/work/.build/x86_64-conda_cos6-linux-gnu/buildtools --with-isl=/home/jhelmus/mc3/conda-bld/compilers_linux-64_1520967904393/work/.build/x86_64-conda_cos6-linux-gnu/buildtools --enable-lto --enable-threads=posix --enable-target-optspace --enable-plugin --enable-gold --disable-nls --disable-multilib --with-local-prefix=/home/jhelmus/mc3/conda-bld/compilers_linux-64_1520967904393/work/gcc_built/x86_64-conda_cos6-linux-gnu/sysroot --enable-long-long --enable-default-pie
Thread model: posix
gcc version 5.4.0 (crosstool-NG fa8859cb) 
COMPILER_PATH=/home/darve/adncat/.julia/adcme/bin/../libexec/gcc/x86_64-conda_cos6-linux-gnu/5.4.0/:/home/darve/adncat/.julia/adcme/bin/../libexec/gcc/:/home/darve/adncat/.julia/adcme/bin/../lib/gcc/x86_64-conda_cos6-linux-gnu/5.4.0/../../../../x86_64-conda_cos6-linux-gnu/bin/
LIBRARY_PATH=/home/darve/adncat/.julia/adcme/bin/../lib/gcc/x86_64-conda_cos6-linux-gnu/5.4.0/:/home/darve/adncat/.julia/adcme/bin/../lib/gcc/:/home/darve/adncat/.julia/adcme/bin/../lib/gcc/x86_64-conda_cos6-linux-gnu/5.4.0/../../../../x86_64-conda_cos6-linux-gnu/lib/../lib/:/home/darve/adncat/.julia/adcme/bin/../x86_64-conda_cos6-linux-gnu/sysroot/lib/../lib/:/home/darve/adncat/.julia/adcme/bin/../x86_64-conda_cos6-linux-gnu/sysroot/usr/lib/../lib/:/home/darve/adncat/.julia/adcme/bin/../lib/gcc/x86_64-conda_cos6-linux-gnu/5.4.0/../../../../x86_64-conda_cos6-linux-gnu/lib/:/home/darve/adncat/.julia/adcme/bin/../x86_64-conda_cos6-linux-gnu/sysroot/lib/:/home/darve/adncat/.julia/adcme/bin/../x86_64-conda_cos6-linux-gnu/sysroot/usr/lib/
COLLECT_GCC_OPTIONS='-v' '-o' 'cmTC_738f9' '-shared-libgcc' '-mtune=generic' '-march=x86-64'
 /home/darve/adncat/.julia/adcme/bin/../libexec/gcc/x86_64-conda_cos6-linux-gnu/5.4.0/collect2 -plugin /home/darve/adncat/.julia/adcme/bin/../libexec/gcc/x86_64-conda_cos6-linux-gnu/5.4.0/liblto_plugin.so -plugin-opt=/home/darve/adncat/.julia/adcme/bin/../libexec/gcc/x86_64-conda_cos6-linux-gnu/5.4.0/lto-wrapper -plugin-opt=-fresolution=/tmp/ccMIqzeT.res -plugin-opt=-pass-through=-lgcc_s -plugin-opt=-pass-through=-lgcc -plugin-opt=-pass-through=-lc -plugin-opt=-pass-through=-lgcc_s -plugin-opt=-pass-through=-lgcc --sysroot=/home/darve/adncat/.julia/adcme/bin/../x86_64-conda_cos6-linux-gnu/sysroot --eh-frame-hdr -m elf_x86_64 -dynamic-linker /lib64/ld-linux-x86-64.so.2 -o cmTC_738f9 /home/darve/adncat/.julia/adcme/bin/../x86_64-conda_cos6-linux-gnu/sysroot/usr/lib/../lib/crt1.o /home/darve/adncat/.julia/adcme/bin/../x86_64-conda_cos6-linux-gnu/sysroot/usr/lib/../lib/crti.o /home/darve/adncat/.julia/adcme/bin/../lib/gcc/x86_64-conda_cos6-linux-gnu/5.4.0/crtbegin.o -L/home/darve/adncat/.julia/adcme/bin/../lib/gcc/x86_64-conda_cos6-linux-gnu/5.4.0 -L/home/darve/adncat/.julia/adcme/bin/../lib/gcc -L/home/darve/adncat/.julia/adcme/bin/../lib/gcc/x86_64-conda_cos6-linux-gnu/5.4.0/../../../../x86_64-conda_cos6-linux-gnu/lib/../lib -L/home/darve/adncat/.julia/adcme/bin/../x86_64-conda_cos6-linux-gnu/sysroot/lib/../lib -L/home/darve/adncat/.julia/adcme/bin/../x86_64-conda_cos6-linux-gnu/sysroot/usr/lib/../lib -L/home/darve/adncat/.julia/adcme/bin/../lib/gcc/x86_64-conda_cos6-linux-gnu/5.4.0/../../../../x86_64-conda_cos6-linux-gnu/lib -L/home/darve/adncat/.julia/adcme/bin/../x86_64-conda_cos6-linux-gnu/sysroot/lib -L/home/darve/adncat/.julia/adcme/bin/../x86_64-conda_cos6-linux-gnu/sysroot/usr/lib -rpath /home/darve/adncat/.julia/adcme/lib CMakeFiles/cmTC_738f9.dir/CMakeCXXCompilerABI.cpp.o -lstdc++ -lm -lgcc_s -lgcc -lc -lgcc_s -lgcc /home/darve/adncat/.julia/adcme/bin/../lib/gcc/x86_64-conda_cos6-linux-gnu/5.4.0/crtend.o /home/darve/adncat/.julia/adcme/bin/../x86_64-conda_cos6-linux-gnu/sysroot/usr/lib/../lib/crtn.o



Parsed CXX implicit include dir info from above output: rv=done
  found start of include info
  found start of implicit include info
    add: [/opt/ohpc/pub/compiler/intel-18/compilers_and_libraries_2018.2.199/linux/ipp/include]
    add: [/opt/ohpc/pub/compiler/intel-18/compilers_and_libraries_2018.2.199/linux/mkl/include]
    add: [/opt/ohpc/pub/compiler/intel-18/compilers_and_libraries_2018.2.199/linux/pstl/include]
    add: [/opt/ohpc/pub/compiler/intel-18/compilers_and_libraries_2018.2.199/linux/tbb/include]
    add: [/opt/ohpc/pub/compiler/intel-18/compilers_and_libraries_2018.2.199/linux/daal/include]
    add: [/home/darve/adncat/.julia/adcme/bin/../lib/gcc/x86_64-conda_cos6-linux-gnu/5.4.0/../../../../x86_64-conda_cos6-linux-gnu/include/c++/5.4.0]
    add: [/home/darve/adncat/.julia/adcme/bin/../lib/gcc/x86_64-conda_cos6-linux-gnu/5.4.0/../../../../x86_64-conda_cos6-linux-gnu/include/c++/5.4.0/x86_64-conda_cos6-linux-gnu]
    add: [/home/darve/adncat/.julia/adcme/bin/../lib/gcc/x86_64-conda_cos6-linux-gnu/5.4.0/../../../../x86_64-conda_cos6-linux-gnu/include/c++/5.4.0/backward]
    add: [/home/darve/adncat/.julia/adcme/bin/../lib/gcc/x86_64-conda_cos6-linux-gnu/5.4.0/include]
    add: [/home/darve/adncat/.julia/adcme/bin/../lib/gcc/x86_64-conda_cos6-linux-gnu/5.4.0/include-fixed]
    add: [/home/darve/adncat/.julia/adcme/bin/../lib/gcc/x86_64-conda_cos6-linux-gnu/5.4.0/../../../../x86_64-conda_cos6-linux-gnu/include]
    add: [/home/darve/adncat/.julia/adcme/bin/../x86_64-conda_cos6-linux-gnu/sysroot/usr/include]
  end of search list found
  collapse include dir [/opt/ohpc/pub/compiler/intel-18/compilers_and_libraries_2018.2.199/linux/ipp/include] ==> [/opt/ohpc/pub/compiler/intel-18/compilers_and_libraries_2018.2.199/linux/ipp/include]
  collapse include dir [/opt/ohpc/pub/compiler/intel-18/compilers_and_libraries_2018.2.199/linux/mkl/include] ==> [/opt/ohpc/pub/compiler/intel-18/compilers_and_libraries_2018.2.199/linux/mkl/include]
  collapse include dir [/opt/ohpc/pub/compiler/intel-18/compilers_and_libraries_2018.2.199/linux/pstl/include] ==> [/opt/ohpc/pub/compiler/intel-18/compilers_and_libraries_2018.2.199/linux/pstl/include]
  collapse include dir [/opt/ohpc/pub/compiler/intel-18/compilers_and_libraries_2018.2.199/linux/tbb/include] ==> [/opt/ohpc/pub/compiler/intel-18/compilers_and_libraries_2018.2.199/linux/tbb/include]
  collapse include dir [/opt/ohpc/pub/compiler/intel-18/compilers_and_libraries_2018.2.199/linux/daal/include] ==> [/opt/ohpc/pub/compiler/intel-18/compilers_and_libraries_2018.2.199/linux/daal/include]
  collapse include dir [/home/darve/adncat/.julia/adcme/bin/../lib/gcc/x86_64-conda_cos6-linux-gnu/5.4.0/../../../../x86_64-conda_cos6-linux-gnu/include/c++/5.4.0] ==> [/home/darve/adncat/.julia/adcme/x86_64-conda_cos6-linux-gnu/include/c++/5.4.0]
  collapse include dir [/home/darve/adncat/.julia/adcme/bin/../lib/gcc/x86_64-conda_cos6-linux-gnu/5.4.0/../../../../x86_64-conda_cos6-linux-gnu/include/c++/5.4.0/x86_64-conda_cos6-linux-gnu] ==> [/home/darve/adncat/.julia/adcme/x86_64-conda_cos6-linux-gnu/include/c++/5.4.0/x86_64-conda_cos6-linux-gnu]
  collapse include dir [/home/darve/adncat/.julia/adcme/bin/../lib/gcc/x86_64-conda_cos6-linux-gnu/5.4.0/../../../../x86_64-conda_cos6-linux-gnu/include/c++/5.4.0/backward] ==> [/home/darve/adncat/.julia/adcme/x86_64-conda_cos6-linux-gnu/include/c++/5.4.0/backward]
  collapse include dir [/home/darve/adncat/.julia/adcme/bin/../lib/gcc/x86_64-conda_cos6-linux-gnu/5.4.0/include] ==> [/home/darve/adncat/.julia/adcme/lib/gcc/x86_64-conda_cos6-linux-gnu/5.4.0/include]
  collapse include dir [/home/darve/adncat/.julia/adcme/bin/../lib/gcc/x86_64-conda_cos6-linux-gnu/5.4.0/include-fixed] ==> [/home/darve/adncat/.julia/adcme/lib/gcc/x86_64-conda_cos6-linux-gnu/5.4.0/include-fixed]
  collapse include dir [/home/darve/adncat/.julia/adcme/bin/../lib/gcc/x86_64-conda_cos6-linux-gnu/5.4.0/../../../../x86_64-conda_cos6-linux-gnu/include] ==> [/home/darve/adncat/.julia/adcme/x86_64-conda_cos6-linux-gnu/include]
  collapse include dir [/home/darve/adncat/.julia/adcme/bin/../x86_64-conda_cos6-linux-gnu/sysroot/usr/include] ==> [/home/darve/adncat/.julia/adcme/x86_64-conda_cos6-linux-gnu/sysroot/usr/include]
  implicit include dirs: [/opt/ohpc/pub/compiler/intel-18/compilers_and_libraries_2018.2.199/linux/ipp/include;/opt/ohpc/pub/compiler/intel-18/compilers_and_libraries_2018.2.199/linux/mkl/include;/opt/ohpc/pub/compiler/intel-18/compilers_and_libraries_2018.2.199/linux/pstl/include;/opt/ohpc/pub/compiler/intel-18/compilers_and_libraries_2018.2.199/linux/tbb/include;/opt/ohpc/pub/compiler/intel-18/compilers_and_libraries_2018.2.199/linux/daal/include;/home/darve/adncat/.julia/adcme/x86_64-conda_cos6-linux-gnu/include/c++/5.4.0;/home/darve/adncat/.julia/adcme/x86_64-conda_cos6-linux-gnu/include/c++/5.4.0/x86_64-conda_cos6-linux-gnu;/home/darve/adncat/.julia/adcme/x86_64-conda_cos6-linux-gnu/include/c++/5.4.0/backward;/home/darve/adncat/.julia/adcme/lib/gcc/x86_64-conda_cos6-linux-gnu/5.4.0/include;/home/darve/adncat/.julia/adcme/lib/gcc/x86_64-conda_cos6-linux-gnu/5.4.0/include-fixed;/home/darve/adncat/.julia/adcme/x86_64-conda_cos6-linux-gnu/include;/home/darve/adncat/.julia/adcme/x86_64-conda_cos6-linux-gnu/sysroot/usr/include]


Parsed CXX implicit link information from above output:
  link line regex: [^( *|.*[/\])(x86_64-conda_cos6-linux-gnu-ld|CMAKE_LINK_STARTFILE-NOTFOUND|([^/\]+-)?ld|collect2)[^/\]*( |$)]
  ignore line: [Change Dir: /home/darve/adncat/yizhou/PSAAP3/build/CMakeFiles/CMakeTmp]
  ignore line: []
  ignore line: [Run Build Command(s):/home/darve/adncat/.julia/adcme/bin/ninja cmTC_738f9 && [1/2] Building CXX object CMakeFiles/cmTC_738f9.dir/CMakeCXXCompilerABI.cpp.o]
  ignore line: [Reading specs from /home/darve/adncat/.julia/adcme/bin/../lib/gcc/x86_64-conda_cos6-linux-gnu/5.4.0/specs]
  ignore line: [COLLECT_GCC=/home/darve/adncat/.julia/adcme/bin/x86_64-conda_cos6-linux-gnu-g++]
  ignore line: [Target: x86_64-conda_cos6-linux-gnu]
  ignore line: [Configured with: /home/jhelmus/mc3/conda-bld/compilers_linux-64_1520967904393/work/.build/src/gcc-5.4.0/configure --build=x86_64-build_pc-linux-gnu --host=x86_64-build_pc-linux-gnu --target=x86_64-conda_cos6-linux-gnu --prefix=/home/jhelmus/mc3/conda-bld/compilers_linux-64_1520967904393/work/gcc_built --with-sysroot=/home/jhelmus/mc3/conda-bld/compilers_linux-64_1520967904393/work/gcc_built/x86_64-conda_cos6-linux-gnu/sysroot --enable-languages=c c++ fortran objc obj-c++ --with-pkgversion='crosstool-NG fa8859cb' --enable-__cxa_atexit --disable-libmudflap --enable-libgomp --disable-libssp --enable-libquadmath --enable-libquadmath-support --enable-libsanitizer --enable-libmpx --with-gmp=/home/jhelmus/mc3/conda-bld/compilers_linux-64_1520967904393/work/.build/x86_64-conda_cos6-linux-gnu/buildtools --with-mpfr=/home/jhelmus/mc3/conda-bld/compilers_linux-64_1520967904393/work/.build/x86_64-conda_cos6-linux-gnu/buildtools --with-mpc=/home/jhelmus/mc3/conda-bld/compilers_linux-64_1520967904393/work/.build/x86_64-conda_cos6-linux-gnu/buildtools --with-isl=/home/jhelmus/mc3/conda-bld/compilers_linux-64_1520967904393/work/.build/x86_64-conda_cos6-linux-gnu/buildtools --enable-lto --enable-threads=posix --enable-target-optspace --enable-plugin --enable-gold --disable-nls --disable-multilib --with-local-prefix=/home/jhelmus/mc3/conda-bld/compilers_linux-64_1520967904393/work/gcc_built/x86_64-conda_cos6-linux-gnu/sysroot --enable-long-long --enable-default-pie]
  ignore line: [Thread model: posix]
  ignore line: [gcc version 5.4.0 (crosstool-NG fa8859cb) ]
  ignore line: [COLLECT_GCC_OPTIONS='-v' '-o' 'CMakeFiles/cmTC_738f9.dir/CMakeCXXCompilerABI.cpp.o' '-c' '-shared-libgcc' '-mtune=generic' '-march=x86-64']
  ignore line: [ /home/darve/adncat/.julia/adcme/bin/../libexec/gcc/x86_64-conda_cos6-linux-gnu/5.4.0/cc1plus -quiet -v -iprefix /home/darve/adncat/.julia/adcme/bin/../lib/gcc/x86_64-conda_cos6-linux-gnu/5.4.0/ -isysroot /home/darve/adncat/.julia/adcme/bin/../x86_64-conda_cos6-linux-gnu/sysroot -D_GNU_SOURCE /home/darve/adncat/.julia/adcme/share/cmake-3.18/Modules/CMakeCXXCompilerABI.cpp -quiet -dumpbase CMakeCXXCompilerABI.cpp -mtune=generic -march=x86-64 -auxbase-strip CMakeFiles/cmTC_738f9.dir/CMakeCXXCompilerABI.cpp.o -version -o /tmp/cceWqX2R.s]
  ignore line: [GNU C++ (crosstool-NG fa8859cb) version 5.4.0 (x86_64-conda_cos6-linux-gnu)]
  ignore line: [	compiled by GNU C version 4.4.7 20120313 (Red Hat 4.4.7-18)  GMP version 6.1.2  MPFR version 3.1.5  MPC version 1.0.3]
  ignore line: [GGC heuristics: --param ggc-min-expand=100 --param ggc-min-heapsize=131072]
  ignore line: [ignoring duplicate directory "/home/darve/adncat/.julia/adcme/bin/../lib/gcc/../../lib/gcc/x86_64-conda_cos6-linux-gnu/5.4.0/../../../../x86_64-conda_cos6-linux-gnu/include/c++/5.4.0"]
  ignore line: [ignoring duplicate directory "/home/darve/adncat/.julia/adcme/bin/../lib/gcc/../../lib/gcc/x86_64-conda_cos6-linux-gnu/5.4.0/../../../../x86_64-conda_cos6-linux-gnu/include/c++/5.4.0/x86_64-conda_cos6-linux-gnu"]
  ignore line: [ignoring duplicate directory "/home/darve/adncat/.julia/adcme/bin/../lib/gcc/../../lib/gcc/x86_64-conda_cos6-linux-gnu/5.4.0/../../../../x86_64-conda_cos6-linux-gnu/include/c++/5.4.0/backward"]
  ignore line: [ignoring duplicate directory "/home/darve/adncat/.julia/adcme/bin/../lib/gcc/../../lib/gcc/x86_64-conda_cos6-linux-gnu/5.4.0/include"]
  ignore line: [ignoring nonexistent directory "/home/darve/adncat/.julia/adcme/bin/../x86_64-conda_cos6-linux-gnu/sysroot/home/jhelmus/mc3/conda-bld/compilers_linux-64_1520967904393/work/gcc_built/x86_64-conda_cos6-linux-gnu/sysroot/include"]
  ignore line: [ignoring duplicate directory "/home/darve/adncat/.julia/adcme/bin/../lib/gcc/../../lib/gcc/x86_64-conda_cos6-linux-gnu/5.4.0/include-fixed"]
  ignore line: [ignoring duplicate directory "/home/darve/adncat/.julia/adcme/bin/../lib/gcc/../../lib/gcc/x86_64-conda_cos6-linux-gnu/5.4.0/../../../../x86_64-conda_cos6-linux-gnu/include"]
  ignore line: [#include "..." search starts here:]
  ignore line: [#include <...> search starts here:]
  ignore line: [ /opt/ohpc/pub/compiler/intel-18/compilers_and_libraries_2018.2.199/linux/ipp/include]
  ignore line: [ /opt/ohpc/pub/compiler/intel-18/compilers_and_libraries_2018.2.199/linux/mkl/include]
  ignore line: [ /opt/ohpc/pub/compiler/intel-18/compilers_and_libraries_2018.2.199/linux/pstl/include]
  ignore line: [ /opt/ohpc/pub/compiler/intel-18/compilers_and_libraries_2018.2.199/linux/tbb/include]
  ignore line: [ /opt/ohpc/pub/compiler/intel-18/compilers_and_libraries_2018.2.199/linux/daal/include]
  ignore line: [ /home/darve/adncat/.julia/adcme/bin/../lib/gcc/x86_64-conda_cos6-linux-gnu/5.4.0/../../../../x86_64-conda_cos6-linux-gnu/include/c++/5.4.0]
  ignore line: [ /home/darve/adncat/.julia/adcme/bin/../lib/gcc/x86_64-conda_cos6-linux-gnu/5.4.0/../../../../x86_64-conda_cos6-linux-gnu/include/c++/5.4.0/x86_64-conda_cos6-linux-gnu]
  ignore line: [ /home/darve/adncat/.julia/adcme/bin/../lib/gcc/x86_64-conda_cos6-linux-gnu/5.4.0/../../../../x86_64-conda_cos6-linux-gnu/include/c++/5.4.0/backward]
  ignore line: [ /home/darve/adncat/.julia/adcme/bin/../lib/gcc/x86_64-conda_cos6-linux-gnu/5.4.0/include]
  ignore line: [ /home/darve/adncat/.julia/adcme/bin/../lib/gcc/x86_64-conda_cos6-linux-gnu/5.4.0/include-fixed]
  ignore line: [ /home/darve/adncat/.julia/adcme/bin/../lib/gcc/x86_64-conda_cos6-linux-gnu/5.4.0/../../../../x86_64-conda_cos6-linux-gnu/include]
  ignore line: [ /home/darve/adncat/.julia/adcme/bin/../x86_64-conda_cos6-linux-gnu/sysroot/usr/include]
  ignore line: [End of search list.]
  ignore line: [GNU C++ (crosstool-NG fa8859cb) version 5.4.0 (x86_64-conda_cos6-linux-gnu)]
  ignore line: [	compiled by GNU C version 4.4.7 20120313 (Red Hat 4.4.7-18)  GMP version 6.1.2  MPFR version 3.1.5  MPC version 1.0.3]
  ignore line: [GGC heuristics: --param ggc-min-expand=100 --param ggc-min-heapsize=131072]
  ignore line: [Compiler executable checksum: 29b05afcc41b8e021daaf99030cee73a]
  ignore line: [COLLECT_GCC_OPTIONS='-v' '-o' 'CMakeFiles/cmTC_738f9.dir/CMakeCXXCompilerABI.cpp.o' '-c' '-shared-libgcc' '-mtune=generic' '-march=x86-64']
  ignore line: [ /home/darve/adncat/.julia/adcme/bin/../lib/gcc/x86_64-conda_cos6-linux-gnu/5.4.0/../../../../x86_64-conda_cos6-linux-gnu/bin/as -v --64 -o CMakeFiles/cmTC_738f9.dir/CMakeCXXCompilerABI.cpp.o /tmp/cceWqX2R.s]
  ignore line: [GNU assembler version 2.28.1 (x86_64-conda_cos6-linux-gnu) using BFD version (crosstool-NG fa8859cb) 2.28.1]
  ignore line: [COMPILER_PATH=/home/darve/adncat/.julia/adcme/bin/../libexec/gcc/x86_64-conda_cos6-linux-gnu/5.4.0/:/home/darve/adncat/.julia/adcme/bin/../libexec/gcc/:/home/darve/adncat/.julia/adcme/bin/../lib/gcc/x86_64-conda_cos6-linux-gnu/5.4.0/../../../../x86_64-conda_cos6-linux-gnu/bin/]
  ignore line: [LIBRARY_PATH=/home/darve/adncat/.julia/adcme/bin/../lib/gcc/x86_64-conda_cos6-linux-gnu/5.4.0/:/home/darve/adncat/.julia/adcme/bin/../lib/gcc/:/home/darve/adncat/.julia/adcme/bin/../lib/gcc/x86_64-conda_cos6-linux-gnu/5.4.0/../../../../x86_64-conda_cos6-linux-gnu/lib/../lib/:/home/darve/adncat/.julia/adcme/bin/../x86_64-conda_cos6-linux-gnu/sysroot/lib/../lib/:/home/darve/adncat/.julia/adcme/bin/../x86_64-conda_cos6-linux-gnu/sysroot/usr/lib/../lib/:/home/darve/adncat/.julia/adcme/bin/../lib/gcc/x86_64-conda_cos6-linux-gnu/5.4.0/../../../../x86_64-conda_cos6-linux-gnu/lib/:/home/darve/adncat/.julia/adcme/bin/../x86_64-conda_cos6-linux-gnu/sysroot/lib/:/home/darve/adncat/.julia/adcme/bin/../x86_64-conda_cos6-linux-gnu/sysroot/usr/lib/]
  ignore line: [COLLECT_GCC_OPTIONS='-v' '-o' 'CMakeFiles/cmTC_738f9.dir/CMakeCXXCompilerABI.cpp.o' '-c' '-shared-libgcc' '-mtune=generic' '-march=x86-64']
  ignore line: [[2/2] Linking CXX executable cmTC_738f9]
  ignore line: [Reading specs from /home/darve/adncat/.julia/adcme/bin/../lib/gcc/x86_64-conda_cos6-linux-gnu/5.4.0/specs]
  ignore line: [COLLECT_GCC=/home/darve/adncat/.julia/adcme/bin/x86_64-conda_cos6-linux-gnu-g++]
  ignore line: [COLLECT_LTO_WRAPPER=/home/darve/adncat/.julia/adcme/bin/../libexec/gcc/x86_64-conda_cos6-linux-gnu/5.4.0/lto-wrapper]
  ignore line: [Target: x86_64-conda_cos6-linux-gnu]
  ignore line: [Configured with: /home/jhelmus/mc3/conda-bld/compilers_linux-64_1520967904393/work/.build/src/gcc-5.4.0/configure --build=x86_64-build_pc-linux-gnu --host=x86_64-build_pc-linux-gnu --target=x86_64-conda_cos6-linux-gnu --prefix=/home/jhelmus/mc3/conda-bld/compilers_linux-64_1520967904393/work/gcc_built --with-sysroot=/home/jhelmus/mc3/conda-bld/compilers_linux-64_1520967904393/work/gcc_built/x86_64-conda_cos6-linux-gnu/sysroot --enable-languages=c c++ fortran objc obj-c++ --with-pkgversion='crosstool-NG fa8859cb' --enable-__cxa_atexit --disable-libmudflap --enable-libgomp --disable-libssp --enable-libquadmath --enable-libquadmath-support --enable-libsanitizer --enable-libmpx --with-gmp=/home/jhelmus/mc3/conda-bld/compilers_linux-64_1520967904393/work/.build/x86_64-conda_cos6-linux-gnu/buildtools --with-mpfr=/home/jhelmus/mc3/conda-bld/compilers_linux-64_1520967904393/work/.build/x86_64-conda_cos6-linux-gnu/buildtools --with-mpc=/home/jhelmus/mc3/conda-bld/compilers_linux-64_1520967904393/work/.build/x86_64-conda_cos6-linux-gnu/buildtools --with-isl=/home/jhelmus/mc3/conda-bld/compilers_linux-64_1520967904393/work/.build/x86_64-conda_cos6-linux-gnu/buildtools --enable-lto --enable-threads=posix --enable-target-optspace --enable-plugin --enable-gold --disable-nls --disable-multilib --with-local-prefix=/home/jhelmus/mc3/conda-bld/compilers_linux-64_1520967904393/work/gcc_built/x86_64-conda_cos6-linux-gnu/sysroot --enable-long-long --enable-default-pie]
  ignore line: [Thread model: posix]
  ignore line: [gcc version 5.4.0 (crosstool-NG fa8859cb) ]
  ignore line: [COMPILER_PATH=/home/darve/adncat/.julia/adcme/bin/../libexec/gcc/x86_64-conda_cos6-linux-gnu/5.4.0/:/home/darve/adncat/.julia/adcme/bin/../libexec/gcc/:/home/darve/adncat/.julia/adcme/bin/../lib/gcc/x86_64-conda_cos6-linux-gnu/5.4.0/../../../../x86_64-conda_cos6-linux-gnu/bin/]
  ignore line: [LIBRARY_PATH=/home/darve/adncat/.julia/adcme/bin/../lib/gcc/x86_64-conda_cos6-linux-gnu/5.4.0/:/home/darve/adncat/.julia/adcme/bin/../lib/gcc/:/home/darve/adncat/.julia/adcme/bin/../lib/gcc/x86_64-conda_cos6-linux-gnu/5.4.0/../../../../x86_64-conda_cos6-linux-gnu/lib/../lib/:/home/darve/adncat/.julia/adcme/bin/../x86_64-conda_cos6-linux-gnu/sysroot/lib/../lib/:/home/darve/adncat/.julia/adcme/bin/../x86_64-conda_cos6-linux-gnu/sysroot/usr/lib/../lib/:/home/darve/adncat/.julia/adcme/bin/../lib/gcc/x86_64-conda_cos6-linux-gnu/5.4.0/../../../../x86_64-conda_cos6-linux-gnu/lib/:/home/darve/adncat/.julia/adcme/bin/../x86_64-conda_cos6-linux-gnu/sysroot/lib/:/home/darve/adncat/.julia/adcme/bin/../x86_64-conda_cos6-linux-gnu/sysroot/usr/lib/]
  ignore line: [COLLECT_GCC_OPTIONS='-v' '-o' 'cmTC_738f9' '-shared-libgcc' '-mtune=generic' '-march=x86-64']
  link line: [ /home/darve/adncat/.julia/adcme/bin/../libexec/gcc/x86_64-conda_cos6-linux-gnu/5.4.0/collect2 -plugin /home/darve/adncat/.julia/adcme/bin/../libexec/gcc/x86_64-conda_cos6-linux-gnu/5.4.0/liblto_plugin.so -plugin-opt=/home/darve/adncat/.julia/adcme/bin/../libexec/gcc/x86_64-conda_cos6-linux-gnu/5.4.0/lto-wrapper -plugin-opt=-fresolution=/tmp/ccMIqzeT.res -plugin-opt=-pass-through=-lgcc_s -plugin-opt=-pass-through=-lgcc -plugin-opt=-pass-through=-lc -plugin-opt=-pass-through=-lgcc_s -plugin-opt=-pass-through=-lgcc --sysroot=/home/darve/adncat/.julia/adcme/bin/../x86_64-conda_cos6-linux-gnu/sysroot --eh-frame-hdr -m elf_x86_64 -dynamic-linker /lib64/ld-linux-x86-64.so.2 -o cmTC_738f9 /home/darve/adncat/.julia/adcme/bin/../x86_64-conda_cos6-linux-gnu/sysroot/usr/lib/../lib/crt1.o /home/darve/adncat/.julia/adcme/bin/../x86_64-conda_cos6-linux-gnu/sysroot/usr/lib/../lib/crti.o /home/darve/adncat/.julia/adcme/bin/../lib/gcc/x86_64-conda_cos6-linux-gnu/5.4.0/crtbegin.o -L/home/darve/adncat/.julia/adcme/bin/../lib/gcc/x86_64-conda_cos6-linux-gnu/5.4.0 -L/home/darve/adncat/.julia/adcme/bin/../lib/gcc -L/home/darve/adncat/.julia/adcme/bin/../lib/gcc/x86_64-conda_cos6-linux-gnu/5.4.0/../../../../x86_64-conda_cos6-linux-gnu/lib/../lib -L/home/darve/adncat/.julia/adcme/bin/../x86_64-conda_cos6-linux-gnu/sysroot/lib/../lib -L/home/darve/adncat/.julia/adcme/bin/../x86_64-conda_cos6-linux-gnu/sysroot/usr/lib/../lib -L/home/darve/adncat/.julia/adcme/bin/../lib/gcc/x86_64-conda_cos6-linux-gnu/5.4.0/../../../../x86_64-conda_cos6-linux-gnu/lib -L/home/darve/adncat/.julia/adcme/bin/../x86_64-conda_cos6-linux-gnu/sysroot/lib -L/home/darve/adncat/.julia/adcme/bin/../x86_64-conda_cos6-linux-gnu/sysroot/usr/lib -rpath /home/darve/adncat/.julia/adcme/lib CMakeFiles/cmTC_738f9.dir/CMakeCXXCompilerABI.cpp.o -lstdc++ -lm -lgcc_s -lgcc -lc -lgcc_s -lgcc /home/darve/adncat/.julia/adcme/bin/../lib/gcc/x86_64-conda_cos6-linux-gnu/5.4.0/crtend.o /home/darve/adncat/.julia/adcme/bin/../x86_64-conda_cos6-linux-gnu/sysroot/usr/lib/../lib/crtn.o]
    arg [/home/darve/adncat/.julia/adcme/bin/../libexec/gcc/x86_64-conda_cos6-linux-gnu/5.4.0/collect2] ==> ignore
    arg [-plugin] ==> ignore
    arg [/home/darve/adncat/.julia/adcme/bin/../libexec/gcc/x86_64-conda_cos6-linux-gnu/5.4.0/liblto_plugin.so] ==> ignore
    arg [-plugin-opt=/home/darve/adncat/.julia/adcme/bin/../libexec/gcc/x86_64-conda_cos6-linux-gnu/5.4.0/lto-wrapper] ==> ignore
    arg [-plugin-opt=-fresolution=/tmp/ccMIqzeT.res] ==> ignore
    arg [-plugin-opt=-pass-through=-lgcc_s] ==> ignore
    arg [-plugin-opt=-pass-through=-lgcc] ==> ignore
    arg [-plugin-opt=-pass-through=-lc] ==> ignore
    arg [-plugin-opt=-pass-through=-lgcc_s] ==> ignore
    arg [-plugin-opt=-pass-through=-lgcc] ==> ignore
    arg [--sysroot=/home/darve/adncat/.julia/adcme/bin/../x86_64-conda_cos6-linux-gnu/sysroot] ==> ignore
    arg [--eh-frame-hdr] ==> ignore
    arg [-m] ==> ignore
    arg [elf_x86_64] ==> ignore
    arg [-dynamic-linker] ==> ignore
    arg [/lib64/ld-linux-x86-64.so.2] ==> ignore
    arg [-o] ==> ignore
    arg [cmTC_738f9] ==> ignore
    arg [/home/darve/adncat/.julia/adcme/bin/../x86_64-conda_cos6-linux-gnu/sysroot/usr/lib/../lib/crt1.o] ==> ignore
    arg [/home/darve/adncat/.julia/adcme/bin/../x86_64-conda_cos6-linux-gnu/sysroot/usr/lib/../lib/crti.o] ==> ignore
    arg [/home/darve/adncat/.julia/adcme/bin/../lib/gcc/x86_64-conda_cos6-linux-gnu/5.4.0/crtbegin.o] ==> ignore
    arg [-L/home/darve/adncat/.julia/adcme/bin/../lib/gcc/x86_64-conda_cos6-linux-gnu/5.4.0] ==> dir [/home/darve/adncat/.julia/adcme/bin/../lib/gcc/x86_64-conda_cos6-linux-gnu/5.4.0]
    arg [-L/home/darve/adncat/.julia/adcme/bin/../lib/gcc] ==> dir [/home/darve/adncat/.julia/adcme/bin/../lib/gcc]
    arg [-L/home/darve/adncat/.julia/adcme/bin/../lib/gcc/x86_64-conda_cos6-linux-gnu/5.4.0/../../../../x86_64-conda_cos6-linux-gnu/lib/../lib] ==> dir [/home/darve/adncat/.julia/adcme/bin/../lib/gcc/x86_64-conda_cos6-linux-gnu/5.4.0/../../../../x86_64-conda_cos6-linux-gnu/lib/../lib]
    arg [-L/home/darve/adncat/.julia/adcme/bin/../x86_64-conda_cos6-linux-gnu/sysroot/lib/../lib] ==> dir [/home/darve/adncat/.julia/adcme/bin/../x86_64-conda_cos6-linux-gnu/sysroot/lib/../lib]
    arg [-L/home/darve/adncat/.julia/adcme/bin/../x86_64-conda_cos6-linux-gnu/sysroot/usr/lib/../lib] ==> dir [/home/darve/adncat/.julia/adcme/bin/../x86_64-conda_cos6-linux-gnu/sysroot/usr/lib/../lib]
    arg [-L/home/darve/adncat/.julia/adcme/bin/../lib/gcc/x86_64-conda_cos6-linux-gnu/5.4.0/../../../../x86_64-conda_cos6-linux-gnu/lib] ==> dir [/home/darve/adncat/.julia/adcme/bin/../lib/gcc/x86_64-conda_cos6-linux-gnu/5.4.0/../../../../x86_64-conda_cos6-linux-gnu/lib]
    arg [-L/home/darve/adncat/.julia/adcme/bin/../x86_64-conda_cos6-linux-gnu/sysroot/lib] ==> dir [/home/darve/adncat/.julia/adcme/bin/../x86_64-conda_cos6-linux-gnu/sysroot/lib]
    arg [-L/home/darve/adncat/.julia/adcme/bin/../x86_64-conda_cos6-linux-gnu/sysroot/usr/lib] ==> dir [/home/darve/adncat/.julia/adcme/bin/../x86_64-conda_cos6-linux-gnu/sysroot/usr/lib]
    arg [-rpath] ==> ignore
    arg [/home/darve/adncat/.julia/adcme/lib] ==> ignore
    arg [CMakeFiles/cmTC_738f9.dir/CMakeCXXCompilerABI.cpp.o] ==> ignore
    arg [-lstdc++] ==> lib [stdc++]
    arg [-lm] ==> lib [m]
    arg [-lgcc_s] ==> lib [gcc_s]
    arg [-lgcc] ==> lib [gcc]
    arg [-lc] ==> lib [c]
    arg [-lgcc_s] ==> lib [gcc_s]
    arg [-lgcc] ==> lib [gcc]
    arg [/home/darve/adncat/.julia/adcme/bin/../lib/gcc/x86_64-conda_cos6-linux-gnu/5.4.0/crtend.o] ==> ignore
    arg [/home/darve/adncat/.julia/adcme/bin/../x86_64-conda_cos6-linux-gnu/sysroot/usr/lib/../lib/crtn.o] ==> ignore
  collapse library dir [/home/darve/adncat/.julia/adcme/bin/../lib/gcc/x86_64-conda_cos6-linux-gnu/5.4.0] ==> [/home/darve/adncat/.julia/adcme/lib/gcc/x86_64-conda_cos6-linux-gnu/5.4.0]
  collapse library dir [/home/darve/adncat/.julia/adcme/bin/../lib/gcc] ==> [/home/darve/adncat/.julia/adcme/lib/gcc]
  collapse library dir [/home/darve/adncat/.julia/adcme/bin/../lib/gcc/x86_64-conda_cos6-linux-gnu/5.4.0/../../../../x86_64-conda_cos6-linux-gnu/lib/../lib] ==> [/home/darve/adncat/.julia/adcme/x86_64-conda_cos6-linux-gnu/lib]
  collapse library dir [/home/darve/adncat/.julia/adcme/bin/../x86_64-conda_cos6-linux-gnu/sysroot/lib/../lib] ==> [/home/darve/adncat/.julia/adcme/x86_64-conda_cos6-linux-gnu/sysroot/lib]
  collapse library dir [/home/darve/adncat/.julia/adcme/bin/../x86_64-conda_cos6-linux-gnu/sysroot/usr/lib/../lib] ==> [/home/darve/adncat/.julia/adcme/x86_64-conda_cos6-linux-gnu/sysroot/usr/lib]
  collapse library dir [/home/darve/adncat/.julia/adcme/bin/../lib/gcc/x86_64-conda_cos6-linux-gnu/5.4.0/../../../../x86_64-conda_cos6-linux-gnu/lib] ==> [/home/darve/adncat/.julia/adcme/x86_64-conda_cos6-linux-gnu/lib]
  collapse library dir [/home/darve/adncat/.julia/adcme/bin/../x86_64-conda_cos6-linux-gnu/sysroot/lib] ==> [/home/darve/adncat/.julia/adcme/x86_64-conda_cos6-linux-gnu/sysroot/lib]
  collapse library dir [/home/darve/adncat/.julia/adcme/bin/../x86_64-conda_cos6-linux-gnu/sysroot/usr/lib] ==> [/home/darve/adncat/.julia/adcme/x86_64-conda_cos6-linux-gnu/sysroot/usr/lib]
  implicit libs: [stdc++;m;gcc_s;gcc;c;gcc_s;gcc]
  implicit dirs: [/home/darve/adncat/.julia/adcme/lib/gcc/x86_64-conda_cos6-linux-gnu/5.4.0;/home/darve/adncat/.julia/adcme/lib/gcc;/home/darve/adncat/.julia/adcme/x86_64-conda_cos6-linux-gnu/lib;/home/darve/adncat/.julia/adcme/x86_64-conda_cos6-linux-gnu/sysroot/lib;/home/darve/adncat/.julia/adcme/x86_64-conda_cos6-linux-gnu/sysroot/usr/lib]
  implicit fwks: []


